<?xml version="1.0" encoding="UTF-8"?>
<!-- Generated by org.testng.reporters.JUnitReportReporter -->
<testsuite skipped="0" hostname="idea-PC" name="dropdown.dropdownex" tests="1" failures="0" timestamp="23 Apr 2020 00:26:46 GMT" time="16.230" errors="0">
  <testcase name="selectBrowsers" time="16.230" classname="dropdown.dropdownex"/>
</testsuite> <!-- dropdown.dropdownex -->
