<?xml version="1.0" encoding="UTF-8"?>
<!-- Generated by org.testng.reporters.JUnitReportReporter -->
<testsuite skipped="0" hostname="idea-PC" name="com.selenium.locators.TestNgParameter" tests="2" failures="0" timestamp="23 Apr 2020 23:36:11 GMT" time="53.267" errors="0">
  <testcase name="Login" time="49.641" classname="com.selenium.locators.TestNgParameter"/>
  <testcase name="Login" time="3.626" classname="com.selenium.locators.TestNgParameter"/>
</testsuite> <!-- com.selenium.locators.TestNgParameter -->
