<?xml version="1.0" encoding="UTF-8"?>
<!-- Generated by org.testng.reporters.JUnitReportReporter -->
<testsuite skipped="0" hostname="idea-PC" name="com.selenium.locators.Checkbox" tests="1" failures="0" timestamp="23 Apr 2020 07:31:57 GMT" time="29.836" errors="0">
  <testcase name="checkboxex" time="29.836" classname="com.selenium.locators.Checkbox"/>
</testsuite> <!-- com.selenium.locators.Checkbox -->
