<?xml version="1.0" encoding="UTF-8"?>
<!-- Generated by org.testng.reporters.JUnitReportReporter -->
<testsuite skipped="0" hostname="idea-PC" name="com.selenium.locators.crossbrowserEx02" tests="2" failures="0" timestamp="24 Apr 2020 00:07:36 GMT" time="39.038" errors="0">
  <testcase name="launch_Browser" time="8.754" classname="com.selenium.locators.crossbrowserEx02"/>
  <testcase name="launch_Browser" time="30.284" classname="com.selenium.locators.crossbrowserEx02"/>
</testsuite> <!-- com.selenium.locators.crossbrowserEx02 -->
