<?xml version="1.0" encoding="UTF-8"?>
<!-- Generated by org.testng.reporters.JUnitReportReporter -->
<testsuite skipped="0" hostname="idea-PC" name="com.selenium.locators.RadioButtoneEx2" tests="1" failures="0" timestamp="23 Apr 2020 07:48:26 GMT" time="23.422" errors="0">
  <testcase name="checkboxex" time="23.422" classname="com.selenium.locators.RadioButtoneEx2"/>
</testsuite> <!-- com.selenium.locators.RadioButtoneEx2 -->
