<?xml version="1.0" encoding="UTF-8"?>
<!-- Generated by org.testng.reporters.JUnitReportReporter -->
<testsuite skipped="0" hostname="idea-PC" name="com.selenium.waits.implicitwaitEx" tests="1" failures="0" timestamp="23 Apr 2020 01:07:24 GMT" time="13.545" errors="0">
  <testcase name="mmtex" time="13.545" classname="com.selenium.waits.implicitwaitEx"/>
</testsuite> <!-- com.selenium.waits.implicitwaitEx -->
