<?xml version="1.0" encoding="UTF-8"?>
<!-- Generated by org.testng.reporters.JUnitReportReporter -->
<testsuite skipped="0" hostname="idea-PC" name="com.selenium.locators.frameEx01" tests="1" failures="0" timestamp="24 Apr 2020 00:40:18 GMT" time="45.092" errors="0">
  <testcase name="spicejetex" time="45.092" classname="com.selenium.locators.frameEx01"/>
</testsuite> <!-- com.selenium.locators.frameEx01 -->
