<?xml version="1.0" encoding="UTF-8"?>
<!-- Generated by org.testng.reporters.JUnitReportReporter -->
<testsuite skipped="0" hostname="idea-PC" name="com.selenium.locators.CalculatorEx01" tests="1" failures="0" timestamp="21 Apr 2020 10:56:25 GMT" time="22.375" errors="0">
  <testcase name="calculatorTest" time="22.375" classname="com.selenium.locators.CalculatorEx01"/>
</testsuite> <!-- com.selenium.locators.CalculatorEx01 -->
